<?xml version="1.0" encoding="UTF-8"?>
<coverage generated="1627592760797" clover="3.2.0">
  <project timestamp="1627592760797" name="All files">
    <metrics statements="104" coveredstatements="97" conditionals="57" coveredconditionals="43" methods="26" coveredmethods="24" elements="187" coveredelements="164" complexity="0" loc="104" ncloc="104" packages="8" files="9" classes="9"/>
    <package name="src">
      <metrics statements="30" coveredstatements="28" conditionals="8" coveredconditionals="6" methods="7" coveredmethods="7"/>
      <file name="App.tsx" path="/Users/pu29ug/Documents/navvy-git-hub/rick-and-morty-fan/src/App.tsx">
        <metrics statements="29" coveredstatements="28" conditionals="8" coveredconditionals="6" methods="7" coveredmethods="7"/>
        <line num="34" count="5" type="stmt"/>
        <line num="36" count="5" type="stmt"/>
        <line num="44" count="5" type="stmt"/>
        <line num="45" count="5" type="stmt"/>
        <line num="56" count="4" type="stmt"/>
        <line num="58" count="4" type="stmt"/>
        <line num="59" count="4" type="stmt"/>
        <line num="60" count="4" type="stmt"/>
        <line num="62" count="4" type="cond" truecount="1" falsecount="1"/>
        <line num="63" count="4" type="stmt"/>
        <line num="65" count="4" type="cond" truecount="2" falsecount="0"/>
        <line num="66" count="3" type="stmt"/>
        <line num="67" count="3" type="stmt"/>
        <line num="68" count="3" type="stmt"/>
        <line num="70" count="1" type="stmt"/>
        <line num="73" count="0" type="stmt"/>
        <line num="76" count="4" type="stmt"/>
        <line num="77" count="4" type="stmt"/>
        <line num="87" count="2" type="stmt"/>
        <line num="88" count="2" type="stmt"/>
        <line num="89" count="2" type="cond" truecount="2" falsecount="0"/>
        <line num="90" count="1" type="stmt"/>
        <line num="92" count="1" type="stmt"/>
        <line num="93" count="1" type="cond" truecount="1" falsecount="1"/>
        <line num="94" count="1" type="stmt"/>
        <line num="98" count="2" type="stmt"/>
        <line num="102" count="16" type="stmt"/>
        <line num="111" count="5" type="stmt"/>
        <line num="117" count="12" type="stmt"/>
      </file>
      <file name="index.tsx" path="/Users/pu29ug/Documents/navvy-git-hub/rick-and-morty-fan/src/index.tsx">
        <metrics statements="1" coveredstatements="0" conditionals="0" coveredconditionals="0" methods="0" coveredmethods="0"/>
        <line num="7" count="0" type="stmt"/>
      </file>
    </package>
    <package name="src.commons">
      <metrics statements="8" coveredstatements="6" conditionals="2" coveredconditionals="1" methods="1" coveredmethods="1"/>
      <file name="AliveStatus.tsx" path="/Users/pu29ug/Documents/navvy-git-hub/rick-and-morty-fan/src/commons/AliveStatus.tsx">
        <metrics statements="8" coveredstatements="6" conditionals="2" coveredconditionals="1" methods="1" coveredmethods="1"/>
        <line num="8" count="3" type="stmt"/>
        <line num="9" count="20" type="stmt"/>
        <line num="10" count="20" type="cond" truecount="1" falsecount="1"/>
        <line num="12" count="20" type="stmt"/>
        <line num="13" count="20" type="stmt"/>
        <line num="15" count="0" type="stmt"/>
        <line num="16" count="0" type="stmt"/>
        <line num="19" count="20" type="stmt"/>
      </file>
    </package>
    <package name="src.components">
      <metrics statements="3" coveredstatements="3" conditionals="2" coveredconditionals="1" methods="1" coveredmethods="1"/>
      <file name="CharacterTile.tsx" path="/Users/pu29ug/Documents/navvy-git-hub/rick-and-morty-fan/src/components/CharacterTile.tsx">
        <metrics statements="3" coveredstatements="3" conditionals="2" coveredconditionals="1" methods="1" coveredmethods="1"/>
        <line num="17" count="2" type="stmt"/>
        <line num="18" count="18" type="stmt"/>
        <line num="20" count="18" type="stmt"/>
      </file>
    </package>
    <package name="src.models">
      <metrics statements="1" coveredstatements="1" conditionals="0" coveredconditionals="0" methods="0" coveredmethods="0"/>
      <file name="page-data.ts" path="/Users/pu29ug/Documents/navvy-git-hub/rick-and-morty-fan/src/models/page-data.ts">
        <metrics statements="1" coveredstatements="1" conditionals="0" coveredconditionals="0" methods="0" coveredmethods="0"/>
        <line num="1" count="3" type="stmt"/>
      </file>
    </package>
    <package name="src.pages.Character">
      <metrics statements="10" coveredstatements="10" conditionals="10" coveredconditionals="7" methods="4" coveredmethods="4"/>
      <file name="CharacterPage.tsx" path="/Users/pu29ug/Documents/navvy-git-hub/rick-and-morty-fan/src/pages/Character/CharacterPage.tsx">
        <metrics statements="10" coveredstatements="10" conditionals="10" coveredconditionals="7" methods="4" coveredmethods="4"/>
        <line num="20" count="5" type="stmt"/>
        <line num="21" count="5" type="stmt"/>
        <line num="25" count="8" type="stmt"/>
        <line num="27" count="8" type="stmt"/>
        <line num="30" count="8" type="cond" truecount="2" falsecount="0"/>
        <line num="31" count="2" type="stmt"/>
        <line num="35" count="6" type="cond" truecount="2" falsecount="0"/>
        <line num="36" count="4" type="stmt"/>
        <line num="40" count="2" type="stmt"/>
        <line num="73" count="5" type="stmt"/>
      </file>
    </package>
    <package name="src.pages.Home">
      <metrics statements="36" coveredstatements="33" conditionals="24" coveredconditionals="17" methods="9" coveredmethods="7"/>
      <file name="HomePage.tsx" path="/Users/pu29ug/Documents/navvy-git-hub/rick-and-morty-fan/src/pages/Home/HomePage.tsx">
        <metrics statements="36" coveredstatements="33" conditionals="24" coveredconditionals="17" methods="9" coveredmethods="7"/>
        <line num="24" count="7" type="stmt"/>
        <line num="26" count="7" type="stmt"/>
        <line num="27" count="7" type="stmt"/>
        <line num="32" count="7" type="stmt"/>
        <line num="33" count="7" type="stmt"/>
        <line num="35" count="7" type="cond" truecount="2" falsecount="0"/>
        <line num="36" count="1" type="stmt"/>
        <line num="45" count="3" type="cond" truecount="1" falsecount="1"/>
        <line num="46" count="3" type="stmt"/>
        <line num="47" count="3" type="stmt"/>
        <line num="49" count="3" type="cond" truecount="1" falsecount="1"/>
        <line num="50" count="3" type="stmt"/>
        <line num="51" count="3" type="stmt"/>
        <line num="52" count="3" type="cond" truecount="1" falsecount="1"/>
        <line num="53" count="3" type="stmt"/>
        <line num="64" count="2" type="cond" truecount="1" falsecount="1"/>
        <line num="65" count="2" type="cond" truecount="1" falsecount="1"/>
        <line num="67" count="2" type="cond" truecount="2" falsecount="0"/>
        <line num="68" count="1" type="stmt"/>
        <line num="70" count="2" type="cond" truecount="1" falsecount="1"/>
        <line num="71" count="0" type="stmt"/>
        <line num="74" count="2" type="stmt"/>
        <line num="75" count="2" type="stmt"/>
        <line num="77" count="2" type="cond" truecount="1" falsecount="1"/>
        <line num="78" count="2" type="stmt"/>
        <line num="83" count="20" type="stmt"/>
        <line num="86" count="20" type="stmt"/>
        <line num="92" count="0" type="stmt"/>
        <line num="97" count="3" type="stmt"/>
        <line num="115" count="0" type="stmt"/>
        <line num="120" count="20" type="cond" truecount="2" falsecount="0"/>
        <line num="121" count="5" type="stmt"/>
        <line num="125" count="15" type="cond" truecount="2" falsecount="0"/>
        <line num="126" count="6" type="stmt"/>
        <line num="130" count="9" type="stmt"/>
        <line num="132" count="18" type="stmt"/>
      </file>
    </package>
    <package name="src.services">
      <metrics statements="7" coveredstatements="7" conditionals="1" coveredconditionals="1" methods="2" coveredmethods="2"/>
      <file name="CharacterService.ts" path="/Users/pu29ug/Documents/navvy-git-hub/rick-and-morty-fan/src/services/CharacterService.ts">
        <metrics statements="7" coveredstatements="7" conditionals="1" coveredconditionals="1" methods="2" coveredmethods="2"/>
        <line num="1" count="5" type="stmt"/>
        <line num="8" count="5" type="cond" truecount="1" falsecount="0"/>
        <line num="10" count="5" type="stmt"/>
        <line num="11" count="5" type="stmt"/>
        <line num="18" count="5" type="stmt"/>
        <line num="20" count="2" type="stmt"/>
        <line num="21" count="2" type="stmt"/>
      </file>
    </package>
    <package name="src.utils">
      <metrics statements="9" coveredstatements="9" conditionals="10" coveredconditionals="10" methods="2" coveredmethods="2"/>
      <file name="Util.ts" path="/Users/pu29ug/Documents/navvy-git-hub/rick-and-morty-fan/src/utils/Util.ts">
        <metrics statements="9" coveredstatements="9" conditionals="10" coveredconditionals="10" methods="2" coveredmethods="2"/>
        <line num="7" count="4" type="stmt"/>
        <line num="8" count="31" type="cond" truecount="2" falsecount="0"/>
        <line num="9" count="21" type="stmt"/>
        <line num="10" count="21" type="cond" truecount="2" falsecount="0"/>
        <line num="11" count="21" type="cond" truecount="2" falsecount="0"/>
        <line num="18" count="4" type="stmt"/>
        <line num="19" count="15" type="cond" truecount="2" falsecount="0"/>
        <line num="20" count="14" type="stmt"/>
        <line num="22" count="14" type="cond" truecount="2" falsecount="0"/>
      </file>
    </package>
  </project>
</coverage>
