{"/Users/pu29ug/Documents/navvy-git-hub/rick-and-morty-fan/src/App.tsx": {"path":"/Users/pu29ug/Documents/navvy-git-hub/rick-and-morty-fan/src/App.tsx","statementMap":{"0":{"start":{"line":34,"column":4},"end":{"line":34,"column":17}},"1":{"start":{"line":36,"column":4},"end":{"line":42,"column":6}},"2":{"start":{"line":44,"column":4},"end":{"line":44,"column":61}},"3":{"start":{"line":45,"column":4},"end":{"line":45,"column":71}},"4":{"start":{"line":56,"column":4},"end":{"line":56,"column":56}},"5":{"start":{"line":58,"column":21},"end":{"line":58,"column":37}},"6":{"start":{"line":59,"column":21},"end":{"line":59,"column":38}},"7":{"start":{"line":60,"column":15},"end":{"line":60,"column":54}},"8":{"start":{"line":62,"column":4},"end":{"line":74,"column":5}},"9":{"start":{"line":63,"column":21},"end":{"line":63,"column":48}},"10":{"start":{"line":65,"column":6},"end":{"line":71,"column":7}},"11":{"start":{"line":66,"column":8},"end":{"line":66,"column":22}},"12":{"start":{"line":67,"column":8},"end":{"line":67,"column":37}},"13":{"start":{"line":68,"column":8},"end":{"line":68,"column":67}},"14":{"start":{"line":70,"column":8},"end":{"line":70,"column":37}},"15":{"start":{"line":73,"column":6},"end":{"line":73,"column":35}},"16":{"start":{"line":76,"column":4},"end":{"line":76,"column":33}},"17":{"start":{"line":77,"column":4},"end":{"line":77,"column":28}},"18":{"start":{"line":87,"column":4},"end":{"line":87,"column":61}},"19":{"start":{"line":88,"column":27},"end":{"line":88,"column":142}},"20":{"start":{"line":88,"column":78},"end":{"line":88,"column":106}},"21":{"start":{"line":89,"column":4},"end":{"line":96,"column":5}},"22":{"start":{"line":90,"column":21},"end":{"line":90,"column":54}},"23":{"start":{"line":92,"column":6},"end":{"line":92,"column":32}},"24":{"start":{"line":93,"column":6},"end":{"line":95,"column":7}},"25":{"start":{"line":94,"column":8},"end":{"line":94,"column":32}},"26":{"start":{"line":98,"column":4},"end":{"line":98,"column":99}},"27":{"start":{"line":102,"column":4},"end":{"line":130,"column":6}},"28":{"start":{"line":111,"column":16},"end":{"line":114,"column":67}},"29":{"start":{"line":117,"column":16},"end":{"line":120,"column":57}}},"fnMap":{"0":{"name":"(anonymous_0)","decl":{"start":{"line":33,"column":2},"end":{"line":33,"column":3}},"loc":{"start":{"line":33,"column":35},"end":{"line":46,"column":3}},"line":33},"1":{"name":"(anonymous_1)","decl":{"start":{"line":55,"column":2},"end":{"line":55,"column":3}},"loc":{"start":{"line":55,"column":41},"end":{"line":78,"column":3}},"line":55},"2":{"name":"(anonymous_2)","decl":{"start":{"line":86,"column":2},"end":{"line":86,"column":3}},"loc":{"start":{"line":86,"column":51},"end":{"line":99,"column":3}},"line":86},"3":{"name":"(anonymous_3)","decl":{"start":{"line":88,"column":65},"end":{"line":88,"column":66}},"loc":{"start":{"line":88,"column":78},"end":{"line":88,"column":106}},"line":88},"4":{"name":"(anonymous_4)","decl":{"start":{"line":101,"column":2},"end":{"line":101,"column":3}},"loc":{"start":{"line":101,"column":11},"end":{"line":131,"column":3}},"line":101},"5":{"name":"(anonymous_5)","decl":{"start":{"line":110,"column":60},"end":{"line":110,"column":61}},"loc":{"start":{"line":111,"column":16},"end":{"line":114,"column":67}},"line":111},"6":{"name":"(anonymous_6)","decl":{"start":{"line":116,"column":45},"end":{"line":116,"column":46}},"loc":{"start":{"line":117,"column":16},"end":{"line":120,"column":57}},"line":117}},"branchMap":{"0":{"loc":{"start":{"line":62,"column":4},"end":{"line":74,"column":5}},"type":"if","locations":[{"start":{"line":62,"column":4},"end":{"line":74,"column":5}},{"start":{"line":62,"column":4},"end":{"line":74,"column":5}}],"line":62},"1":{"loc":{"start":{"line":65,"column":6},"end":{"line":71,"column":7}},"type":"if","locations":[{"start":{"line":65,"column":6},"end":{"line":71,"column":7}},{"start":{"line":65,"column":6},"end":{"line":71,"column":7}}],"line":65},"2":{"loc":{"start":{"line":89,"column":4},"end":{"line":96,"column":5}},"type":"if","locations":[{"start":{"line":89,"column":4},"end":{"line":96,"column":5}},{"start":{"line":89,"column":4},"end":{"line":96,"column":5}}],"line":89},"3":{"loc":{"start":{"line":93,"column":6},"end":{"line":95,"column":7}},"type":"if","locations":[{"start":{"line":93,"column":6},"end":{"line":95,"column":7}},{"start":{"line":93,"column":6},"end":{"line":95,"column":7}}],"line":93}},"s":{"0":5,"1":5,"2":5,"3":5,"4":4,"5":4,"6":4,"7":4,"8":4,"9":4,"10":4,"11":3,"12":3,"13":3,"14":1,"15":0,"16":4,"17":4,"18":2,"19":2,"20":2,"21":2,"22":1,"23":1,"24":1,"25":1,"26":2,"27":16,"28":5,"29":12},"f":{"0":5,"1":4,"2":2,"3":2,"4":16,"5":5,"6":12},"b":{"0":[4,0],"1":[3,1],"2":[1,1],"3":[1,0]},"_coverageSchema":"1a1c01bbd47fc00a2c39e90264f33305004495a9","hash":"3353289552f2f13fcaa44203b56917b57c07c051"}
,"/Users/pu29ug/Documents/navvy-git-hub/rick-and-morty-fan/src/index.tsx": {"path":"/Users/pu29ug/Documents/navvy-git-hub/rick-and-morty-fan/src/index.tsx","statementMap":{"0":{"start":{"line":7,"column":0},"end":{"line":12,"column":2}}},"fnMap":{},"branchMap":{},"s":{"0":0},"f":{},"b":{}}
,"/Users/pu29ug/Documents/navvy-git-hub/rick-and-morty-fan/src/commons/AliveStatus.tsx": {"path":"/Users/pu29ug/Documents/navvy-git-hub/rick-and-morty-fan/src/commons/AliveStatus.tsx","statementMap":{"0":{"start":{"line":8,"column":20},"end":{"line":30,"column":1}},"1":{"start":{"line":9,"column":16},"end":{"line":9,"column":22}},"2":{"start":{"line":10,"column":4},"end":{"line":17,"column":5}},"3":{"start":{"line":12,"column":12},"end":{"line":12,"column":28}},"4":{"start":{"line":13,"column":12},"end":{"line":13,"column":18}},"5":{"start":{"line":15,"column":12},"end":{"line":15,"column":26}},"6":{"start":{"line":16,"column":12},"end":{"line":16,"column":18}},"7":{"start":{"line":19,"column":4},"end":{"line":29,"column":6}}},"fnMap":{"0":{"name":"(anonymous_0)","decl":{"start":{"line":8,"column":20},"end":{"line":8,"column":21}},"loc":{"start":{"line":8,"column":51},"end":{"line":30,"column":1}},"line":8}},"branchMap":{"0":{"loc":{"start":{"line":10,"column":4},"end":{"line":17,"column":5}},"type":"switch","locations":[{"start":{"line":11,"column":8},"end":{"line":13,"column":18}},{"start":{"line":14,"column":8},"end":{"line":16,"column":18}}],"line":10}},"s":{"0":3,"1":20,"2":20,"3":20,"4":20,"5":0,"6":0,"7":20},"f":{"0":20},"b":{"0":[20,0]},"_coverageSchema":"1a1c01bbd47fc00a2c39e90264f33305004495a9","hash":"fe21386388456b370d3d1a00efbe7183c845d93d"}
,"/Users/pu29ug/Documents/navvy-git-hub/rick-and-morty-fan/src/components/CharacterTile.tsx": {"path":"/Users/pu29ug/Documents/navvy-git-hub/rick-and-morty-fan/src/components/CharacterTile.tsx","statementMap":{"0":{"start":{"line":17,"column":22},"end":{"line":38,"column":1}},"1":{"start":{"line":18,"column":26},"end":{"line":18,"column":31}},"2":{"start":{"line":20,"column":4},"end":{"line":37,"column":6}}},"fnMap":{"0":{"name":"(anonymous_0)","decl":{"start":{"line":17,"column":22},"end":{"line":17,"column":23}},"loc":{"start":{"line":17,"column":53},"end":{"line":38,"column":1}},"line":17}},"branchMap":{"0":{"loc":{"start":{"line":30,"column":25},"end":{"line":30,"column":129}},"type":"cond-expr","locations":[{"start":{"line":30,"column":42},"end":{"line":30,"column":122}},{"start":{"line":30,"column":125},"end":{"line":30,"column":129}}],"line":30}},"s":{"0":2,"1":18,"2":18},"f":{"0":18},"b":{"0":[0,18]},"_coverageSchema":"1a1c01bbd47fc00a2c39e90264f33305004495a9","hash":"c62c6139a16b272a922db06444e33a565c261c26"}
,"/Users/pu29ug/Documents/navvy-git-hub/rick-and-morty-fan/src/models/page-data.ts": {"path":"/Users/pu29ug/Documents/navvy-git-hub/rick-and-morty-fan/src/models/page-data.ts","statementMap":{"0":{"start":{"line":1,"column":13},"end":{"line":57,"column":1}}},"fnMap":{},"branchMap":{},"s":{"0":3},"f":{},"b":{},"_coverageSchema":"1a1c01bbd47fc00a2c39e90264f33305004495a9","hash":"94e6d9bb051c3af46d317ae890043e688559368d"}
,"/Users/pu29ug/Documents/navvy-git-hub/rick-and-morty-fan/src/pages/Character/CharacterPage.tsx": {"path":"/Users/pu29ug/Documents/navvy-git-hub/rick-and-morty-fan/src/pages/Character/CharacterPage.tsx","statementMap":{"0":{"start":{"line":20,"column":28},"end":{"line":20,"column":66}},"1":{"start":{"line":21,"column":8},"end":{"line":21,"column":64}},"2":{"start":{"line":25,"column":48},"end":{"line":25,"column":58}},"3":{"start":{"line":27,"column":23},"end":{"line":27,"column":127}},"4":{"start":{"line":27,"column":75},"end":{"line":27,"column":102}},"5":{"start":{"line":30,"column":8},"end":{"line":32,"column":9}},"6":{"start":{"line":31,"column":12},"end":{"line":31,"column":106}},"7":{"start":{"line":35,"column":8},"end":{"line":37,"column":9}},"8":{"start":{"line":36,"column":12},"end":{"line":36,"column":153}},"9":{"start":{"line":40,"column":8},"end":{"line":86,"column":10}},"10":{"start":{"line":73,"column":40},"end":{"line":80,"column":44}}},"fnMap":{"0":{"name":"(anonymous_0)","decl":{"start":{"line":19,"column":4},"end":{"line":19,"column":5}},"loc":{"start":{"line":19,"column":24},"end":{"line":22,"column":5}},"line":19},"1":{"name":"(anonymous_1)","decl":{"start":{"line":24,"column":4},"end":{"line":24,"column":5}},"loc":{"start":{"line":24,"column":13},"end":{"line":87,"column":5}},"line":24},"2":{"name":"(anonymous_2)","decl":{"start":{"line":27,"column":67},"end":{"line":27,"column":68}},"loc":{"start":{"line":27,"column":73},"end":{"line":27,"column":104}},"line":27},"3":{"name":"(anonymous_3)","decl":{"start":{"line":72,"column":59},"end":{"line":72,"column":60}},"loc":{"start":{"line":73,"column":40},"end":{"line":80,"column":44}},"line":73}},"branchMap":{"0":{"loc":{"start":{"line":30,"column":8},"end":{"line":32,"column":9}},"type":"if","locations":[{"start":{"line":30,"column":8},"end":{"line":32,"column":9}},{"start":{"line":30,"column":8},"end":{"line":32,"column":9}}],"line":30},"1":{"loc":{"start":{"line":35,"column":8},"end":{"line":37,"column":9}},"type":"if","locations":[{"start":{"line":35,"column":8},"end":{"line":37,"column":9}},{"start":{"line":35,"column":8},"end":{"line":37,"column":9}}],"line":35},"2":{"loc":{"start":{"line":57,"column":21},"end":{"line":57,"column":129}},"type":"cond-expr","locations":[{"start":{"line":57,"column":38},"end":{"line":57,"column":122}},{"start":{"line":57,"column":125},"end":{"line":57,"column":129}}],"line":57},"3":{"loc":{"start":{"line":63,"column":24},"end":{"line":65,"column":34}},"type":"cond-expr","locations":[{"start":{"line":64,"column":30},"end":{"line":64,"column":205}},{"start":{"line":65,"column":30},"end":{"line":65,"column":34}}],"line":63},"4":{"loc":{"start":{"line":68,"column":24},"end":{"line":82,"column":34}},"type":"cond-expr","locations":[{"start":{"line":69,"column":30},"end":{"line":81,"column":44}},{"start":{"line":82,"column":30},"end":{"line":82,"column":34}}],"line":68}},"s":{"0":5,"1":5,"2":8,"3":8,"4":2,"5":8,"6":2,"7":6,"8":4,"9":2,"10":5},"f":{"0":5,"1":8,"2":2,"3":5},"b":{"0":[2,6],"1":[4,2],"2":[0,2],"3":[2,0],"4":[2,0]},"_coverageSchema":"1a1c01bbd47fc00a2c39e90264f33305004495a9","hash":"44215f5b34dc05479481551c03924f1058190b4c"}
,"/Users/pu29ug/Documents/navvy-git-hub/rick-and-morty-fan/src/pages/Home/HomePage.tsx": {"path":"/Users/pu29ug/Documents/navvy-git-hub/rick-and-morty-fan/src/pages/Home/HomePage.tsx","statementMap":{"0":{"start":{"line":24,"column":8},"end":{"line":24,"column":21}},"1":{"start":{"line":26,"column":8},"end":{"line":26,"column":35}},"2":{"start":{"line":27,"column":8},"end":{"line":27,"column":71}},"3":{"start":{"line":32,"column":23},"end":{"line":32,"column":56}},"4":{"start":{"line":33,"column":8},"end":{"line":33,"column":44}},"5":{"start":{"line":35,"column":8},"end":{"line":37,"column":9}},"6":{"start":{"line":36,"column":12},"end":{"line":36,"column":48}},"7":{"start":{"line":45,"column":26},"end":{"line":45,"column":52}},"8":{"start":{"line":46,"column":20},"end":{"line":46,"column":52}},"9":{"start":{"line":47,"column":27},"end":{"line":47,"column":52}},"10":{"start":{"line":49,"column":8},"end":{"line":55,"column":9}},"11":{"start":{"line":50,"column":12},"end":{"line":50,"column":52}},"12":{"start":{"line":51,"column":12},"end":{"line":51,"column":56}},"13":{"start":{"line":52,"column":12},"end":{"line":54,"column":13}},"14":{"start":{"line":53,"column":16},"end":{"line":53,"column":67}},"15":{"start":{"line":64,"column":22},"end":{"line":64,"column":66}},"16":{"start":{"line":65,"column":25},"end":{"line":65,"column":57}},"17":{"start":{"line":67,"column":8},"end":{"line":69,"column":9}},"18":{"start":{"line":68,"column":12},"end":{"line":68,"column":30}},"19":{"start":{"line":70,"column":8},"end":{"line":72,"column":9}},"20":{"start":{"line":71,"column":12},"end":{"line":71,"column":24}},"21":{"start":{"line":74,"column":8},"end":{"line":74,"column":45}},"22":{"start":{"line":75,"column":8},"end":{"line":75,"column":49}},"23":{"start":{"line":77,"column":8},"end":{"line":79,"column":9}},"24":{"start":{"line":78,"column":12},"end":{"line":78,"column":60}},"25":{"start":{"line":83,"column":38},"end":{"line":83,"column":48}},"26":{"start":{"line":86,"column":12},"end":{"line":117,"column":18}},"27":{"start":{"line":92,"column":45},"end":{"line":92,"column":74}},"28":{"start":{"line":97,"column":49},"end":{"line":97,"column":78}},"29":{"start":{"line":115,"column":45},"end":{"line":115,"column":74}},"30":{"start":{"line":120,"column":8},"end":{"line":122,"column":9}},"31":{"start":{"line":121,"column":12},"end":{"line":121,"column":108}},"32":{"start":{"line":125,"column":8},"end":{"line":127,"column":9}},"33":{"start":{"line":126,"column":12},"end":{"line":126,"column":194}},"34":{"start":{"line":130,"column":8},"end":{"line":137,"column":18}},"35":{"start":{"line":132,"column":16},"end":{"line":136,"column":66}}},"fnMap":{"0":{"name":"(anonymous_0)","decl":{"start":{"line":23,"column":4},"end":{"line":23,"column":5}},"loc":{"start":{"line":23,"column":81},"end":{"line":28,"column":5}},"line":23},"1":{"name":"(anonymous_1)","decl":{"start":{"line":30,"column":4},"end":{"line":30,"column":5}},"loc":{"start":{"line":30,"column":24},"end":{"line":38,"column":5}},"line":30},"2":{"name":"(anonymous_2)","decl":{"start":{"line":44,"column":4},"end":{"line":44,"column":5}},"loc":{"start":{"line":44,"column":39},"end":{"line":56,"column":5}},"line":44},"3":{"name":"(anonymous_3)","decl":{"start":{"line":61,"column":4},"end":{"line":61,"column":5}},"loc":{"start":{"line":61,"column":26},"end":{"line":80,"column":5}},"line":61},"4":{"name":"(anonymous_4)","decl":{"start":{"line":82,"column":4},"end":{"line":82,"column":5}},"loc":{"start":{"line":82,"column":13},"end":{"line":138,"column":5}},"line":82},"5":{"name":"(anonymous_5)","decl":{"start":{"line":92,"column":37},"end":{"line":92,"column":38}},"loc":{"start":{"line":92,"column":43},"end":{"line":92,"column":76}},"line":92},"6":{"name":"(anonymous_6)","decl":{"start":{"line":97,"column":41},"end":{"line":97,"column":42}},"loc":{"start":{"line":97,"column":47},"end":{"line":97,"column":80}},"line":97},"7":{"name":"(anonymous_7)","decl":{"start":{"line":115,"column":37},"end":{"line":115,"column":38}},"loc":{"start":{"line":115,"column":43},"end":{"line":115,"column":76}},"line":115},"8":{"name":"(anonymous_8)","decl":{"start":{"line":131,"column":30},"end":{"line":131,"column":31}},"loc":{"start":{"line":132,"column":16},"end":{"line":136,"column":66}},"line":132}},"branchMap":{"0":{"loc":{"start":{"line":35,"column":8},"end":{"line":37,"column":9}},"type":"if","locations":[{"start":{"line":35,"column":8},"end":{"line":37,"column":9}},{"start":{"line":35,"column":8},"end":{"line":37,"column":9}}],"line":35},"1":{"loc":{"start":{"line":45,"column":26},"end":{"line":45,"column":52}},"type":"cond-expr","locations":[{"start":{"line":45,"column":37},"end":{"line":45,"column":43}},{"start":{"line":45,"column":46},"end":{"line":45,"column":52}}],"line":45},"2":{"loc":{"start":{"line":49,"column":8},"end":{"line":55,"column":9}},"type":"if","locations":[{"start":{"line":49,"column":8},"end":{"line":55,"column":9}},{"start":{"line":49,"column":8},"end":{"line":55,"column":9}}],"line":49},"3":{"loc":{"start":{"line":52,"column":12},"end":{"line":54,"column":13}},"type":"if","locations":[{"start":{"line":52,"column":12},"end":{"line":54,"column":13}},{"start":{"line":52,"column":12},"end":{"line":54,"column":13}}],"line":52},"4":{"loc":{"start":{"line":64,"column":31},"end":{"line":64,"column":65}},"type":"binary-expr","locations":[{"start":{"line":64,"column":31},"end":{"line":64,"column":58}},{"start":{"line":64,"column":62},"end":{"line":64,"column":65}}],"line":64},"5":{"loc":{"start":{"line":65,"column":25},"end":{"line":65,"column":57}},"type":"binary-expr","locations":[{"start":{"line":65,"column":25},"end":{"line":65,"column":52}},{"start":{"line":65,"column":56},"end":{"line":65,"column":57}}],"line":65},"6":{"loc":{"start":{"line":67,"column":8},"end":{"line":69,"column":9}},"type":"if","locations":[{"start":{"line":67,"column":8},"end":{"line":69,"column":9}},{"start":{"line":67,"column":8},"end":{"line":69,"column":9}}],"line":67},"7":{"loc":{"start":{"line":70,"column":8},"end":{"line":72,"column":9}},"type":"if","locations":[{"start":{"line":70,"column":8},"end":{"line":72,"column":9}},{"start":{"line":70,"column":8},"end":{"line":72,"column":9}}],"line":70},"8":{"loc":{"start":{"line":77,"column":8},"end":{"line":79,"column":9}},"type":"if","locations":[{"start":{"line":77,"column":8},"end":{"line":79,"column":9}},{"start":{"line":77,"column":8},"end":{"line":79,"column":9}}],"line":77},"9":{"loc":{"start":{"line":88,"column":20},"end":{"line":115,"column":91}},"type":"cond-expr","locations":[{"start":{"line":88,"column":27},"end":{"line":111,"column":23}},{"start":{"line":113,"column":24},"end":{"line":115,"column":91}}],"line":88},"10":{"loc":{"start":{"line":120,"column":8},"end":{"line":122,"column":9}},"type":"if","locations":[{"start":{"line":120,"column":8},"end":{"line":122,"column":9}},{"start":{"line":120,"column":8},"end":{"line":122,"column":9}}],"line":120},"11":{"loc":{"start":{"line":125,"column":8},"end":{"line":127,"column":9}},"type":"if","locations":[{"start":{"line":125,"column":8},"end":{"line":127,"column":9}},{"start":{"line":125,"column":8},"end":{"line":127,"column":9}}],"line":125}},"s":{"0":7,"1":7,"2":7,"3":7,"4":7,"5":7,"6":1,"7":3,"8":3,"9":3,"10":3,"11":3,"12":3,"13":3,"14":3,"15":2,"16":2,"17":2,"18":1,"19":2,"20":0,"21":2,"22":2,"23":2,"24":2,"25":20,"26":20,"27":0,"28":3,"29":0,"30":20,"31":5,"32":15,"33":6,"34":9,"35":18},"f":{"0":7,"1":7,"2":3,"3":2,"4":20,"5":0,"6":3,"7":0,"8":18},"b":{"0":[1,6],"1":[3,0],"2":[3,0],"3":[3,0],"4":[2,0],"5":[2,0],"6":[1,1],"7":[0,2],"8":[2,0],"9":[9,11],"10":[5,15],"11":[6,9]},"_coverageSchema":"1a1c01bbd47fc00a2c39e90264f33305004495a9","hash":"9cb834461f13f86adf1695df860882ec9feb42bc"}
,"/Users/pu29ug/Documents/navvy-git-hub/rick-and-morty-fan/src/services/CharacterService.ts": {"path":"/Users/pu29ug/Documents/navvy-git-hub/rick-and-morty-fan/src/services/CharacterService.ts","statementMap":{"0":{"start":{"line":1,"column":24},"end":{"line":1,"column":58}},"1":{"start":{"line":8,"column":25},"end":{"line":12,"column":1}},"2":{"start":{"line":10,"column":21},"end":{"line":10,"column":71}},"3":{"start":{"line":11,"column":4},"end":{"line":11,"column":33}},"4":{"start":{"line":18,"column":30},"end":{"line":22,"column":1}},"5":{"start":{"line":20,"column":21},"end":{"line":20,"column":71}},"6":{"start":{"line":21,"column":4},"end":{"line":21,"column":33}}},"fnMap":{"0":{"name":"(anonymous_0)","decl":{"start":{"line":8,"column":25},"end":{"line":8,"column":26}},"loc":{"start":{"line":8,"column":55},"end":{"line":12,"column":1}},"line":8},"1":{"name":"(anonymous_1)","decl":{"start":{"line":18,"column":30},"end":{"line":18,"column":31}},"loc":{"start":{"line":18,"column":61},"end":{"line":22,"column":1}},"line":18}},"branchMap":{"0":{"loc":{"start":{"line":8,"column":32},"end":{"line":8,"column":50}},"type":"default-arg","locations":[{"start":{"line":8,"column":49},"end":{"line":8,"column":50}}],"line":8}},"s":{"0":5,"1":5,"2":5,"3":5,"4":5,"5":2,"6":2},"f":{"0":5,"1":2},"b":{"0":[1]},"_coverageSchema":"1a1c01bbd47fc00a2c39e90264f33305004495a9","hash":"00d5833467ab467ac2b67eb9e36c39b7e2d60892"}
,"/Users/pu29ug/Documents/navvy-git-hub/rick-and-morty-fan/src/utils/Util.ts": {"path":"/Users/pu29ug/Documents/navvy-git-hub/rick-and-morty-fan/src/utils/Util.ts","statementMap":{"0":{"start":{"line":7,"column":36},"end":{"line":12,"column":1}},"1":{"start":{"line":8,"column":4},"end":{"line":8,"column":24}},"2":{"start":{"line":8,"column":14},"end":{"line":8,"column":24}},"3":{"start":{"line":9,"column":22},"end":{"line":9,"column":61}},"4":{"start":{"line":10,"column":19},"end":{"line":10,"column":49}},"5":{"start":{"line":11,"column":4},"end":{"line":11,"column":39}},"6":{"start":{"line":18,"column":33},"end":{"line":23,"column":1}},"7":{"start":{"line":19,"column":4},"end":{"line":19,"column":24}},"8":{"start":{"line":19,"column":14},"end":{"line":19,"column":24}},"9":{"start":{"line":20,"column":22},"end":{"line":20,"column":54}},"10":{"start":{"line":22,"column":4},"end":{"line":22,"column":30}}},"fnMap":{"0":{"name":"(anonymous_0)","decl":{"start":{"line":7,"column":36},"end":{"line":7,"column":37}},"loc":{"start":{"line":7,"column":72},"end":{"line":12,"column":1}},"line":7},"1":{"name":"(anonymous_1)","decl":{"start":{"line":18,"column":33},"end":{"line":18,"column":34}},"loc":{"start":{"line":18,"column":69},"end":{"line":23,"column":1}},"line":18}},"branchMap":{"0":{"loc":{"start":{"line":8,"column":4},"end":{"line":8,"column":24}},"type":"if","locations":[{"start":{"line":8,"column":4},"end":{"line":8,"column":24}},{"start":{"line":8,"column":4},"end":{"line":8,"column":24}}],"line":8},"1":{"loc":{"start":{"line":10,"column":28},"end":{"line":10,"column":48}},"type":"binary-expr","locations":[{"start":{"line":10,"column":28},"end":{"line":10,"column":40}},{"start":{"line":10,"column":44},"end":{"line":10,"column":48}}],"line":10},"2":{"loc":{"start":{"line":11,"column":11},"end":{"line":11,"column":38}},"type":"cond-expr","locations":[{"start":{"line":11,"column":27},"end":{"line":11,"column":29}},{"start":{"line":11,"column":32},"end":{"line":11,"column":38}}],"line":11},"3":{"loc":{"start":{"line":19,"column":4},"end":{"line":19,"column":24}},"type":"if","locations":[{"start":{"line":19,"column":4},"end":{"line":19,"column":24}},{"start":{"line":19,"column":4},"end":{"line":19,"column":24}}],"line":19},"4":{"loc":{"start":{"line":22,"column":11},"end":{"line":22,"column":29}},"type":"binary-expr","locations":[{"start":{"line":22,"column":11},"end":{"line":22,"column":23}},{"start":{"line":22,"column":27},"end":{"line":22,"column":29}}],"line":22}},"s":{"0":4,"1":31,"2":10,"3":21,"4":21,"5":21,"6":4,"7":15,"8":1,"9":14,"10":14},"f":{"0":31,"1":15},"b":{"0":[10,21],"1":[21,4],"2":[1,20],"3":[1,14],"4":[14,6]},"_coverageSchema":"1a1c01bbd47fc00a2c39e90264f33305004495a9","hash":"6212d51e02a9747c253bfb18c7b0cf5cb06710fd"}
}
