TN:
SF:src/App.tsx
FN:33,(anonymous_0)
FN:55,(anonymous_1)
FN:86,(anonymous_2)
FN:88,(anonymous_3)
FN:101,(anonymous_4)
FN:110,(anonymous_5)
FN:116,(anonymous_6)
FNF:7
FNH:7
FNDA:5,(anonymous_0)
FNDA:4,(anonymous_1)
FNDA:2,(anonymous_2)
FNDA:2,(anonymous_3)
FNDA:16,(anonymous_4)
FNDA:5,(anonymous_5)
FNDA:12,(anonymous_6)
DA:34,5
DA:36,5
DA:44,5
DA:45,5
DA:56,4
DA:58,4
DA:59,4
DA:60,4
DA:62,4
DA:63,4
DA:65,4
DA:66,3
DA:67,3
DA:68,3
DA:70,1
DA:73,0
DA:76,4
DA:77,4
DA:87,2
DA:88,2
DA:89,2
DA:90,1
DA:92,1
DA:93,1
DA:94,1
DA:98,2
DA:102,16
DA:111,5
DA:117,12
LF:29
LH:28
BRDA:62,0,0,4
BRDA:62,0,1,0
BRDA:65,1,0,3
BRDA:65,1,1,1
BRDA:89,2,0,1
BRDA:89,2,1,1
BRDA:93,3,0,1
BRDA:93,3,1,0
BRF:8
BRH:6
end_of_record
TN:
SF:src/index.tsx
FNF:0
FNH:0
DA:7,0
LF:1
LH:0
BRF:0
BRH:0
end_of_record
TN:
SF:src/commons/AliveStatus.tsx
FN:8,(anonymous_0)
FNF:1
FNH:1
FNDA:20,(anonymous_0)
DA:8,3
DA:9,20
DA:10,20
DA:12,20
DA:13,20
DA:15,0
DA:16,0
DA:19,20
LF:8
LH:6
BRDA:10,0,0,20
BRDA:10,0,1,0
BRF:2
BRH:1
end_of_record
TN:
SF:src/components/CharacterTile.tsx
FN:17,(anonymous_0)
FNF:1
FNH:1
FNDA:18,(anonymous_0)
DA:17,2
DA:18,18
DA:20,18
LF:3
LH:3
BRDA:30,0,0,0
BRDA:30,0,1,18
BRF:2
BRH:1
end_of_record
TN:
SF:src/models/page-data.ts
FNF:0
FNH:0
DA:1,3
LF:1
LH:1
BRF:0
BRH:0
end_of_record
TN:
SF:src/pages/Character/CharacterPage.tsx
FN:19,(anonymous_0)
FN:24,(anonymous_1)
FN:27,(anonymous_2)
FN:72,(anonymous_3)
FNF:4
FNH:4
FNDA:5,(anonymous_0)
FNDA:8,(anonymous_1)
FNDA:2,(anonymous_2)
FNDA:5,(anonymous_3)
DA:20,5
DA:21,5
DA:25,8
DA:27,8
DA:30,8
DA:31,2
DA:35,6
DA:36,4
DA:40,2
DA:73,5
LF:10
LH:10
BRDA:30,0,0,2
BRDA:30,0,1,6
BRDA:35,1,0,4
BRDA:35,1,1,2
BRDA:57,2,0,0
BRDA:57,2,1,2
BRDA:63,3,0,2
BRDA:63,3,1,0
BRDA:68,4,0,2
BRDA:68,4,1,0
BRF:10
BRH:7
end_of_record
TN:
SF:src/pages/Home/HomePage.tsx
FN:23,(anonymous_0)
FN:30,(anonymous_1)
FN:44,(anonymous_2)
FN:61,(anonymous_3)
FN:82,(anonymous_4)
FN:92,(anonymous_5)
FN:97,(anonymous_6)
FN:115,(anonymous_7)
FN:131,(anonymous_8)
FNF:9
FNH:7
FNDA:7,(anonymous_0)
FNDA:7,(anonymous_1)
FNDA:3,(anonymous_2)
FNDA:2,(anonymous_3)
FNDA:20,(anonymous_4)
FNDA:0,(anonymous_5)
FNDA:3,(anonymous_6)
FNDA:0,(anonymous_7)
FNDA:18,(anonymous_8)
DA:24,7
DA:26,7
DA:27,7
DA:32,7
DA:33,7
DA:35,7
DA:36,1
DA:45,3
DA:46,3
DA:47,3
DA:49,3
DA:50,3
DA:51,3
DA:52,3
DA:53,3
DA:64,2
DA:65,2
DA:67,2
DA:68,1
DA:70,2
DA:71,0
DA:74,2
DA:75,2
DA:77,2
DA:78,2
DA:83,20
DA:86,20
DA:92,0
DA:97,3
DA:115,0
DA:120,20
DA:121,5
DA:125,15
DA:126,6
DA:130,9
DA:132,18
LF:36
LH:33
BRDA:35,0,0,1
BRDA:35,0,1,6
BRDA:45,1,0,3
BRDA:45,1,1,0
BRDA:49,2,0,3
BRDA:49,2,1,0
BRDA:52,3,0,3
BRDA:52,3,1,0
BRDA:64,4,0,2
BRDA:64,4,1,0
BRDA:65,5,0,2
BRDA:65,5,1,0
BRDA:67,6,0,1
BRDA:67,6,1,1
BRDA:70,7,0,0
BRDA:70,7,1,2
BRDA:77,8,0,2
BRDA:77,8,1,0
BRDA:88,9,0,9
BRDA:88,9,1,11
BRDA:120,10,0,5
BRDA:120,10,1,15
BRDA:125,11,0,6
BRDA:125,11,1,9
BRF:24
BRH:17
end_of_record
TN:
SF:src/services/CharacterService.ts
FN:8,(anonymous_0)
FN:18,(anonymous_1)
FNF:2
FNH:2
FNDA:5,(anonymous_0)
FNDA:2,(anonymous_1)
DA:1,5
DA:8,5
DA:10,5
DA:11,5
DA:18,5
DA:20,2
DA:21,2
LF:7
LH:7
BRDA:8,0,0,1
BRF:1
BRH:1
end_of_record
TN:
SF:src/utils/Util.ts
FN:7,(anonymous_0)
FN:18,(anonymous_1)
FNF:2
FNH:2
FNDA:31,(anonymous_0)
FNDA:15,(anonymous_1)
DA:7,4
DA:8,31
DA:9,21
DA:10,21
DA:11,21
DA:18,4
DA:19,15
DA:20,14
DA:22,14
LF:9
LH:9
BRDA:8,0,0,10
BRDA:8,0,1,21
BRDA:10,1,0,21
BRDA:10,1,1,4
BRDA:11,2,0,1
BRDA:11,2,1,20
BRDA:19,3,0,1
BRDA:19,3,1,14
BRDA:22,4,0,14
BRDA:22,4,1,6
BRF:10
BRH:10
end_of_record
